SF:lib/src/crispin_transport.dart
DA:4,0
DA:5,0
DA:9,0
DA:10,0
DA:14,0
DA:15,0
DA:19,0
DA:20,0
DA:24,0
DA:25,0
LF:10
LH:0
end_of_record
SF:lib/src/crispin.dart
DA:8,1
DA:9,1
DA:12,1
DA:16,3
DA:19,1
DA:20,2
DA:24,1
DA:25,2
DA:26,1
DA:31,0
DA:32,0
DA:33,0
DA:38,0
DA:39,0
DA:40,0
DA:45,0
DA:46,0
DA:47,0
DA:52,1
DA:53,2
DA:54,1
LF:21
LH:12
end_of_record
SF:lib/src/crispin_logger_level.dart
DA:15,0
DA:16,0
DA:20,0
DA:21,0
DA:22,0
DA:24,0
DA:26,0
DA:28,0
DA:30,0
DA:32,0
DA:34,0
DA:37,0
LF:12
LH:0
end_of_record
